<?xml version="1.0" encoding="UTF-8"?>
<!-- Generated by org.testng.reporters.JUnitReportReporter -->
<testsuite hostname="NTB-257" failures="0" tests="2" name="qaclickacademy.Mavenjava.AppiuMTest" time="0.003" errors="0" timestamp="2022-07-15T13:51:47 CEST" skipped="0">
  <testcase classname="qaclickacademy.Mavenjava.AppiuMTest" name="NativeAppAndorid" time="0.002"/>
  <system-out/>
  <testcase classname="qaclickacademy.Mavenjava.AppiuMTest" name="IOSApps" time="0.001"/>
  <system-out/>
</testsuite> <!-- qaclickacademy.Mavenjava.AppiuMTest -->
